<?xml version="1.0" encoding="UTF-8"?>
<testng-results ignored="0" total="1" passed="1" failed="0" skipped="0">
  <reporter-output>
  </reporter-output>
  <suite started-at="2023-06-28T16:40:13 IST" name="Default suite" finished-at="2023-06-28T16:40:26 IST" duration-ms="13202">
    <groups>
    </groups>
    <test started-at="2023-06-28T16:40:13 IST" name="Default test" finished-at="2023-06-28T16:40:26 IST" duration-ms="13202">
      <class name="com.ElliciumPOC.TestCases.PowerBIDasshBoardVerifyDetailsTest">
        <test-method is-config="true" signature="setUp(java.lang.String)[pri:0, instance:com.ElliciumPOC.TestCases.PowerBIDasshBoardVerifyDetailsTest@33bc72d1]" started-at="2023-06-28T16:40:13 IST" name="setUp" finished-at="2023-06-28T16:40:15 IST" duration-ms="2395" status="PASS">
          <params>
            <param index="0">
              <value>
                <![CDATA[chrome]]>
              </value>
            </param>
          </params>
          <reporter-output>
          </reporter-output>
        </test-method> <!-- setUp -->
        <test-method signature="verifyDetails()[pri:0, instance:com.ElliciumPOC.TestCases.PowerBIDasshBoardVerifyDetailsTest@33bc72d1]" started-at="2023-06-28T16:40:15 IST" name="verifyDetails" finished-at="2023-06-28T16:40:26 IST" duration-ms="10744" status="PASS">
          <reporter-output>
          </reporter-output>
        </test-method> <!-- verifyDetails -->
      </class> <!-- com.ElliciumPOC.TestCases.PowerBIDasshBoardVerifyDetailsTest -->
    </test> <!-- Default test -->
  </suite> <!-- Default suite -->
</testng-results>
